[2022-01-07 15:42:42.884] [INFO] [bingologger/bingologger.go:70] Init log path=./log/stateless.log, level=0
[2022-01-07 15:42:42.884] [INFO] [plugin/plugin.go:52] register plugin inst, key log_bingologger
[2022-01-07 15:42:42.884] [INFO] [plugin/plugin.go:94] init plugin mq pulsar
[2022-01-07 15:42:42.885] [INFO] [plugin/plugin.go:52] register plugin inst, key mq_pulsar
[2022-01-07 15:42:42.885] [INFO] [plugin/plugin.go:94] init plugin rpc trpc
[2022-01-07 15:42:43.118] [INFO] [plugin/plugin.go:52] register plugin inst, key rpc_trpc
[2022-01-07 15:42:43.118] [INFO] [plugin/plugin.go:94] init plugin transport tcp
[2022-01-07 15:42:43.118] [INFO] [plugin/plugin.go:52] register plugin inst, key transport_tcp
[2022-01-07 15:42:43.118] [INFO] [module/module.go:23] test module init
[2022-01-07 15:42:43.118] [INFO] [app/app.go:121] server stateless_svr  init success
[2022-01-07 15:42:43.118] [INFO] [signal/signal.go:50] Listen signals=[interrupt user defined signal 1 user defined signal 2]
[2022-01-07 15:44:12.715] [INFO] [signal/signal.go:54] Recv signal=interrupt
[2022-01-07 15:44:12.715] [INFO] [app/app.go:196] recv signal to quit
[2022-01-07 15:44:12.716] [INFO] [app/app.go:175] server stateless_svr finished
[2022-01-07 15:44:12.716] [INFO] [module/module.go:29] test module uninit
[2022-01-07 15:44:12.716] [INFO] [plugin/plugin.go:121] begin destroy plugin transport_tcp
[2022-01-07 15:44:12.716] [INFO] [plugin/plugin.go:121] begin destroy plugin log_bingologger
[2022-01-07 15:44:12.716] [INFO] [bingologger/bingologger.go:85] Destory logger only exec sync
[2022-01-07 15:44:12.716] [INFO] [plugin/plugin.go:121] begin destroy plugin mq_pulsar
[2022-01-07 15:44:12.716] [INFO] [plugin/plugin.go:121] begin destroy plugin rpc_trpc
[2022-01-07 15:46:36.198] [INFO] [bingologger/bingologger.go:70] Init log path=./log/stateless.log, level=0
[2022-01-07 15:46:36.199] [INFO] [plugin/plugin.go:52] register plugin inst, key log_bingologger
[2022-01-07 15:46:36.199] [INFO] [plugin/plugin.go:94] init plugin transport tcp
[2022-01-07 15:46:36.199] [INFO] [plugin/plugin.go:52] register plugin inst, key transport_tcp
[2022-01-07 15:46:36.199] [INFO] [plugin/plugin.go:94] init plugin mq pulsar
[2022-01-07 15:46:36.199] [INFO] [plugin/plugin.go:52] register plugin inst, key mq_pulsar
[2022-01-07 15:46:36.199] [INFO] [plugin/plugin.go:94] init plugin rpc trpc
[2022-01-07 15:46:36.440] [INFO] [plugin/plugin.go:52] register plugin inst, key rpc_trpc
[2022-01-07 15:46:36.440] [INFO] [module/module.go:23] test module init
[2022-01-07 15:46:36.440] [INFO] [app/app.go:121] server stateless_svr  init success
[2022-01-07 15:46:36.440] [INFO] [signal/signal.go:50] Listen signals=[interrupt user defined signal 1 user defined signal 2]
[2022-01-07 15:49:55.090] [INFO] [signal/signal.go:54] Recv signal=user defined signal 1
[2022-01-07 15:49:55.090] [INFO] [app/app.go:196] recv signal to quit
[2022-01-07 15:49:55.090] [INFO] [app/app.go:175] server stateless_svr finished
[2022-01-07 15:49:55.090] [INFO] [module/module.go:29] test module uninit
[2022-01-07 15:49:55.090] [INFO] [plugin/plugin.go:121] begin destroy plugin log_bingologger
[2022-01-07 15:49:55.090] [INFO] [bingologger/bingologger.go:85] Destory logger only exec sync
[2022-01-07 15:49:55.090] [INFO] [plugin/plugin.go:121] begin destroy plugin transport_tcp
[2022-01-07 15:49:55.090] [INFO] [plugin/plugin.go:121] begin destroy plugin mq_pulsar
[2022-01-07 15:49:55.090] [INFO] [plugin/plugin.go:121] begin destroy plugin rpc_trpc
[2022-01-07 15:52:55.933] [INFO] [signal/signal.go:54] Recv signal=interrupt
[2022-01-07 15:52:55.933] [INFO] [app/app.go:196] recv signal to quit
[2022-01-07 15:53:27.348] [INFO] [bingologger/bingologger.go:70] Init log path=./log/stateless.log, level=0
[2022-01-07 15:53:27.348] [INFO] [plugin/plugin.go:52] register plugin inst, key log_bingologger
[2022-01-07 15:53:27.348] [INFO] [plugin/plugin.go:94] init plugin mq pulsar
[2022-01-07 15:53:27.349] [INFO] [plugin/plugin.go:52] register plugin inst, key mq_pulsar
[2022-01-07 15:53:27.349] [INFO] [plugin/plugin.go:94] init plugin transport tcp
[2022-01-07 15:53:27.349] [INFO] [plugin/plugin.go:52] register plugin inst, key transport_tcp
[2022-01-07 15:53:27.349] [INFO] [plugin/plugin.go:94] init plugin rpc trpc
[2022-01-07 15:53:27.583] [INFO] [plugin/plugin.go:52] register plugin inst, key rpc_trpc
[2022-01-07 15:53:27.583] [INFO] [module/module.go:23] test module init
[2022-01-07 15:53:27.583] [INFO] [app/app.go:121] server stateless_svr  init success
[2022-01-07 15:53:27.583] [INFO] [signal/signal.go:50] Listen signals=[interrupt user defined signal 1 user defined signal 2]
[2022-01-07 15:53:53.121] [INFO] [signal/signal.go:54] Recv signal=interrupt
[2022-01-07 15:53:53.121] [INFO] [app/app.go:196] recv signal to quit
[2022-01-07 15:53:53.121] [INFO] [app/app.go:175] server stateless_svr finished
[2022-01-07 15:53:53.121] [INFO] [module/module.go:29] test module uninit
[2022-01-07 15:53:53.121] [INFO] [plugin/plugin.go:121] begin destroy plugin rpc_trpc
[2022-01-07 15:54:14.865] [INFO] [signal/signal.go:54] Recv signal=interrupt
[2022-01-07 15:54:14.865] [INFO] [app/app.go:196] recv signal to quit
[2022-01-07 16:17:26.972] [INFO] [bingologger/bingologger.go:70] Init log path=./log/stateless.log, level=0
[2022-01-07 16:17:26.972] [INFO] [plugin/plugin.go:52] register plugin inst, key log_bingologger
[2022-01-07 16:17:26.972] [INFO] [plugin/plugin.go:94] init plugin mq pulsar
[2022-01-07 16:17:26.972] [INFO] [plugin/plugin.go:52] register plugin inst, key mq_pulsar
[2022-01-07 16:17:26.972] [INFO] [plugin/plugin.go:94] init plugin rpc trpc
[2022-01-07 16:17:27.205] [INFO] [plugin/plugin.go:52] register plugin inst, key rpc_trpc
[2022-01-07 16:17:27.205] [INFO] [plugin/plugin.go:94] init plugin transport tcp
[2022-01-07 16:17:27.205] [INFO] [plugin/plugin.go:52] register plugin inst, key transport_tcp
[2022-01-07 16:17:27.205] [INFO] [module/module.go:23] test module init
[2022-01-07 16:17:27.205] [INFO] [app/app.go:121] server stateless_svr  init success
[2022-01-07 16:17:27.205] [INFO] [signal/signal.go:50] Listen signals=[interrupt user defined signal 1 user defined signal 2]
[2022-01-07 16:18:03.962] [INFO] [signal/signal.go:54] Recv signal=interrupt
[2022-01-07 16:18:03.962] [INFO] [app/app.go:196] recv signal to quit
[2022-01-07 16:18:03.962] [INFO] [app/app.go:175] server stateless_svr finished
[2022-01-07 16:18:03.962] [INFO] [module/module.go:29] test module uninit
[2022-01-07 16:18:03.962] [INFO] [plugin/plugin.go:121] begin destroy plugin log_bingologger
[2022-01-07 16:18:03.962] [INFO] [bingologger/bingologger.go:85] Destory logger only exec sync
[2022-01-07 16:18:03.962] [INFO] [plugin/plugin.go:121] begin destroy plugin mq_pulsar
[2022-01-07 16:18:03.962] [INFO] [plugin/plugin.go:121] begin destroy plugin rpc_trpc
[2022-01-07 16:23:31.820] [INFO] [bingologger/bingologger.go:70] Init log path=./log/stateless.log, level=0
[2022-01-07 16:23:31.820] [INFO] [plugin/plugin.go:52] register plugin inst, key log_bingologger
[2022-01-07 16:23:31.820] [INFO] [plugin/plugin.go:94] init plugin rpc trpc
[2022-01-07 16:23:32.059] [INFO] [plugin/plugin.go:52] register plugin inst, key rpc_trpc
[2022-01-07 16:23:32.059] [INFO] [plugin/plugin.go:94] init plugin transport tcp
[2022-01-07 16:23:32.059] [INFO] [plugin/plugin.go:52] register plugin inst, key transport_tcp
[2022-01-07 16:23:32.059] [INFO] [plugin/plugin.go:94] init plugin mq pulsar
[2022-01-07 16:23:32.060] [INFO] [plugin/plugin.go:52] register plugin inst, key mq_pulsar
[2022-01-07 16:23:32.060] [INFO] [module/module.go:23] test module init
[2022-01-07 16:23:32.060] [INFO] [app/app.go:121] server stateless_svr  init success
[2022-01-07 16:23:32.060] [INFO] [signal/signal.go:50] Listen signals=[user defined signal 1 user defined signal 2 interrupt]
[2022-01-07 16:24:08.329] [INFO] [signal/signal.go:54] Recv signal=interrupt
[2022-01-07 16:24:08.329] [INFO] [app/app.go:196] recv signal to quit
[2022-01-07 16:24:08.329] [INFO] [app/app.go:175] server stateless_svr finished
[2022-01-07 16:24:08.329] [INFO] [module/module.go:29] test module uninit
[2022-01-07 16:24:08.329] [INFO] [plugin/plugin.go:121] begin destroy plugin log_bingologger
[2022-01-07 16:24:08.329] [INFO] [bingologger/bingologger.go:85] Destory logger only exec sync
[2022-01-07 16:24:08.329] [INFO] [plugin/plugin.go:121] begin destroy plugin rpc_trpc
[2022-01-07 16:24:42.116] [INFO] [signal/signal.go:54] Recv signal=interrupt
[2022-01-07 16:24:42.116] [INFO] [app/app.go:196] recv signal to quit
[2022-01-07 16:25:52.469] [INFO] [bingologger/bingologger.go:70] Init log path=./log/stateless.log, level=0
[2022-01-07 16:25:52.469] [INFO] [plugin/plugin.go:52] register plugin inst, key log_bingologger
[2022-01-07 16:25:52.469] [INFO] [plugin/plugin.go:94] init plugin transport tcp
[2022-01-07 16:25:52.469] [INFO] [plugin/plugin.go:52] register plugin inst, key transport_tcp
[2022-01-07 16:25:52.469] [INFO] [plugin/plugin.go:94] init plugin mq pulsar
[2022-01-07 16:25:52.469] [INFO] [plugin/plugin.go:52] register plugin inst, key mq_pulsar
[2022-01-07 16:26:41.921] [INFO] [bingologger/bingologger.go:70] Init log path=./log/stateless.log, level=0
[2022-01-07 16:26:41.921] [INFO] [plugin/plugin.go:52] register plugin inst, key log_bingologger
[2022-01-07 16:26:41.921] [INFO] [plugin/plugin.go:94] init plugin transport tcp
[2022-01-07 16:26:41.921] [INFO] [plugin/plugin.go:52] register plugin inst, key transport_tcp
[2022-01-07 16:26:41.921] [INFO] [plugin/plugin.go:94] init plugin mq pulsar
[2022-01-07 16:26:41.922] [INFO] [plugin/plugin.go:52] register plugin inst, key mq_pulsar
[2022-01-07 16:26:41.922] [INFO] [module/module.go:19] test module init
[2022-01-07 16:26:41.922] [INFO] [app/app.go:121] server stateless_svr  init success
[2022-01-07 16:26:41.922] [INFO] [signal/signal.go:50] Listen signals=[interrupt user defined signal 1 user defined signal 2]
[2022-01-07 16:26:47.542] [INFO] [signal/signal.go:54] Recv signal=interrupt
[2022-01-07 16:26:47.542] [INFO] [app/app.go:196] recv signal to quit
[2022-01-07 16:26:47.542] [INFO] [app/app.go:175] server stateless_svr finished
[2022-01-07 16:26:47.542] [INFO] [module/module.go:25] test module uninit
[2022-01-07 16:26:47.542] [INFO] [plugin/plugin.go:121] begin destroy plugin log_bingologger
[2022-01-07 16:26:47.542] [INFO] [bingologger/bingologger.go:85] Destory logger only exec sync
[2022-01-07 16:26:47.542] [INFO] [plugin/plugin.go:121] begin destroy plugin transport_tcp
[2022-01-07 16:27:23.911] [INFO] [bingologger/bingologger.go:70] Init log path=./log/stateless.log, level=0
[2022-01-07 16:27:23.911] [INFO] [plugin/plugin.go:52] register plugin inst, key log_bingologger
[2022-01-07 16:27:23.911] [INFO] [plugin/plugin.go:94] init plugin transport tcp
[2022-01-07 16:27:23.911] [INFO] [plugin/plugin.go:52] register plugin inst, key transport_tcp
[2022-01-07 16:27:23.911] [INFO] [plugin/plugin.go:94] init plugin mq pulsar
[2022-01-07 16:27:23.911] [INFO] [plugin/plugin.go:52] register plugin inst, key mq_pulsar
[2022-01-07 16:27:23.911] [INFO] [module/module.go:19] test module init
[2022-01-07 16:27:23.911] [INFO] [app/app.go:121] server stateless_svr  init success
[2022-01-07 16:27:23.911] [INFO] [signal/signal.go:50] Listen signals=[interrupt user defined signal 1 user defined signal 2]
[2022-01-07 16:27:26.810] [INFO] [signal/signal.go:54] Recv signal=interrupt
[2022-01-07 16:27:26.810] [INFO] [app/app.go:196] recv signal to quit
[2022-01-07 16:27:26.810] [INFO] [app/app.go:175] server stateless_svr finished
[2022-01-07 16:27:26.810] [INFO] [module/module.go:25] test module uninit
[2022-01-07 16:27:26.810] [INFO] [plugin/plugin.go:121] begin destroy plugin log_bingologger
[2022-01-07 16:27:26.810] [INFO] [bingologger/bingologger.go:85] Destory logger only exec sync
[2022-01-07 16:27:26.810] [INFO] [plugin/plugin.go:121] begin destroy plugin transport_tcp
[2022-01-07 16:29:59.749] [INFO] [bingologger/bingologger.go:70] Init log path=./log/stateless.log, level=0
[2022-01-07 16:29:59.749] [INFO] [plugin/plugin.go:52] register plugin inst, key log_bingologger
[2022-01-07 16:29:59.749] [INFO] [plugin/plugin.go:94] init plugin transport tcp
[2022-01-07 16:29:59.749] [INFO] [plugin/plugin.go:52] register plugin inst, key transport_tcp
[2022-01-07 16:29:59.749] [INFO] [plugin/plugin.go:94] init plugin mq pulsar
[2022-01-07 16:29:59.749] [INFO] [plugin/plugin.go:52] register plugin inst, key mq_pulsar
[2022-01-07 16:29:59.749] [INFO] [module/module.go:19] test module init
[2022-01-07 16:29:59.749] [INFO] [app/app.go:121] server stateless_svr  init success
[2022-01-07 16:29:59.749] [INFO] [signal/signal.go:50] Listen signals=[user defined signal 1 user defined signal 2 interrupt]
[2022-01-07 16:30:00.866] [INFO] [signal/signal.go:54] Recv signal=interrupt
[2022-01-07 16:30:00.866] [INFO] [app/app.go:196] recv signal to quit
[2022-01-07 16:30:00.866] [INFO] [app/app.go:175] server stateless_svr finished
[2022-01-07 16:30:00.866] [INFO] [module/module.go:25] test module uninit
[2022-01-07 16:30:00.866] [INFO] [plugin/plugin.go:121] begin destroy plugin log_bingologger
[2022-01-07 16:30:00.866] [INFO] [bingologger/bingologger.go:85] Destory logger only exec sync
[2022-01-07 16:30:00.866] [INFO] [plugin/plugin.go:121] begin destroy plugin transport_tcp
[2022-01-07 16:32:50.546] [INFO] [bingologger/bingologger.go:70] Init log path=./log/stateless.log, level=0
[2022-01-07 16:32:50.547] [INFO] [plugin/plugin.go:52] register plugin inst, key log_bingologger
[2022-01-07 16:32:50.547] [INFO] [plugin/plugin.go:94] init plugin transport tcp
[2022-01-07 16:32:50.547] [INFO] [plugin/plugin.go:52] register plugin inst, key transport_tcp
[2022-01-07 16:32:50.547] [INFO] [plugin/plugin.go:94] init plugin mq pulsar
[2022-01-07 16:32:50.547] [INFO] [plugin/plugin.go:52] register plugin inst, key mq_pulsar
[2022-01-07 16:32:50.547] [INFO] [module/module.go:19] test module init
[2022-01-07 16:32:50.547] [INFO] [app/app.go:121] server stateless_svr  init success
[2022-01-07 16:32:50.547] [INFO] [signal/signal.go:50] Listen signals=[interrupt user defined signal 1 user defined signal 2]
[2022-01-07 16:32:54.141] [INFO] [signal/signal.go:54] Recv signal=interrupt
[2022-01-07 16:32:54.141] [INFO] [app/app.go:196] recv signal to quit
[2022-01-07 16:32:54.141] [INFO] [app/app.go:175] server stateless_svr finished
[2022-01-07 16:32:54.141] [INFO] [module/module.go:25] test module uninit
[2022-01-07 16:32:54.141] [INFO] [plugin/plugin.go:121] begin destroy plugin log_bingologger
[2022-01-07 16:32:54.141] [INFO] [bingologger/bingologger.go:85] Destory logger only exec sync
[2022-01-07 16:32:54.141] [INFO] [plugin/plugin.go:121] begin destroy plugin transport_tcp
[2022-01-07 16:32:54.141] [INFO] [plugin/plugin.go:121] begin destroy plugin mq_pulsar
[2022-01-07 16:32:54.141] [INFO] [app/app.go:153] server stateless_svr fini success
[2022-01-07 16:32:57.933] [INFO] [bingologger/bingologger.go:70] Init log path=./log/stateless.log, level=0
[2022-01-07 16:32:57.933] [INFO] [plugin/plugin.go:52] register plugin inst, key log_bingologger
[2022-01-07 16:32:57.933] [INFO] [plugin/plugin.go:94] init plugin mq pulsar
[2022-01-07 16:32:57.933] [INFO] [plugin/plugin.go:52] register plugin inst, key mq_pulsar
[2022-01-07 16:32:57.933] [INFO] [plugin/plugin.go:94] init plugin transport tcp
[2022-01-07 16:32:57.933] [INFO] [plugin/plugin.go:52] register plugin inst, key transport_tcp
[2022-01-07 16:32:57.933] [INFO] [module/module.go:19] test module init
[2022-01-07 16:32:57.933] [INFO] [app/app.go:121] server stateless_svr  init success
[2022-01-07 16:32:57.933] [INFO] [signal/signal.go:50] Listen signals=[user defined signal 2 interrupt user defined signal 1]
[2022-01-07 16:33:00.466] [INFO] [signal/signal.go:54] Recv signal=interrupt
[2022-01-07 16:33:00.466] [INFO] [app/app.go:196] recv signal to quit
[2022-01-07 16:33:00.466] [INFO] [app/app.go:175] server stateless_svr finished
[2022-01-07 16:33:00.466] [INFO] [module/module.go:25] test module uninit
[2022-01-07 16:33:00.466] [INFO] [plugin/plugin.go:121] begin destroy plugin log_bingologger
[2022-01-07 16:33:00.466] [INFO] [bingologger/bingologger.go:85] Destory logger only exec sync
[2022-01-07 16:33:00.466] [INFO] [plugin/plugin.go:121] begin destroy plugin mq_pulsar
[2022-01-07 16:33:00.466] [INFO] [plugin/plugin.go:121] begin destroy plugin transport_tcp
[2022-01-07 16:33:00.466] [INFO] [app/app.go:153] server stateless_svr fini success
[2022-01-07 16:38:21.736] [INFO] [bingologger/bingologger.go:70] Init log path=./log/stateless.log, level=0
[2022-01-07 16:38:21.736] [INFO] [plugin/plugin.go:52] register plugin inst, key log_bingologger
[2022-01-07 16:38:21.736] [INFO] [plugin/plugin.go:94] init plugin rpc trpc
[2022-01-07 16:38:21.971] [INFO] [plugin/plugin.go:52] register plugin inst, key rpc_trpc
[2022-01-07 16:38:21.971] [INFO] [plugin/plugin.go:94] init plugin transport tcp
[2022-01-07 16:38:21.971] [INFO] [plugin/plugin.go:52] register plugin inst, key transport_tcp
[2022-01-07 16:38:21.971] [INFO] [plugin/plugin.go:94] init plugin mq pulsar
[2022-01-07 16:38:21.971] [INFO] [plugin/plugin.go:52] register plugin inst, key mq_pulsar
[2022-01-07 16:38:21.971] [INFO] [module/module.go:23] test module init
[2022-01-07 16:38:21.971] [INFO] [app/app.go:121] server stateless_svr  init success
[2022-01-07 16:38:21.971] [INFO] [signal/signal.go:50] Listen signals=[interrupt user defined signal 1 user defined signal 2]
[2022-01-07 16:38:36.611] [INFO] [signal/signal.go:54] Recv signal=interrupt
[2022-01-07 16:38:36.611] [INFO] [app/app.go:196] recv signal to quit
[2022-01-07 16:38:36.611] [INFO] [app/app.go:175] server stateless_svr finished
[2022-01-07 16:38:36.611] [INFO] [module/module.go:29] test module uninit
[2022-01-07 16:38:36.611] [INFO] [plugin/plugin.go:121] begin destroy plugin log_bingologger
[2022-01-07 16:38:36.611] [INFO] [bingologger/bingologger.go:85] Destory logger only exec sync
[2022-01-07 16:38:36.611] [INFO] [plugin/plugin.go:121] begin destroy plugin rpc_trpc
[2022-01-07 16:38:38.458] [INFO] [plugin/plugin.go:121] begin destroy plugin transport_tcp
[2022-01-07 16:38:38.458] [INFO] [plugin/plugin.go:121] begin destroy plugin mq_pulsar
[2022-01-07 16:38:38.458] [INFO] [app/app.go:153] server stateless_svr fini success
[2022-01-07 16:38:47.285] [INFO] [bingologger/bingologger.go:70] Init log path=./log/stateless.log, level=0
[2022-01-07 16:38:47.285] [INFO] [plugin/plugin.go:52] register plugin inst, key log_bingologger
[2022-01-07 16:38:47.285] [INFO] [plugin/plugin.go:94] init plugin transport tcp
[2022-01-07 16:38:47.286] [INFO] [plugin/plugin.go:52] register plugin inst, key transport_tcp
[2022-01-07 16:38:47.286] [INFO] [plugin/plugin.go:94] init plugin mq pulsar
[2022-01-07 16:38:47.286] [INFO] [plugin/plugin.go:52] register plugin inst, key mq_pulsar
[2022-01-07 16:38:47.286] [INFO] [plugin/plugin.go:94] init plugin rpc trpc
[2022-01-07 16:38:47.517] [INFO] [plugin/plugin.go:52] register plugin inst, key rpc_trpc
[2022-01-07 16:38:47.517] [INFO] [module/module.go:23] test module init
[2022-01-07 16:38:47.517] [INFO] [app/app.go:121] server stateless_svr  init success
[2022-01-07 16:38:47.517] [INFO] [signal/signal.go:50] Listen signals=[user defined signal 2 interrupt user defined signal 1]
[2022-01-07 16:38:52.984] [INFO] [signal/signal.go:54] Recv signal=interrupt
[2022-01-07 16:38:52.984] [INFO] [app/app.go:196] recv signal to quit
[2022-01-07 16:38:52.984] [INFO] [app/app.go:175] server stateless_svr finished
[2022-01-07 16:38:52.984] [INFO] [module/module.go:29] test module uninit
[2022-01-07 16:38:52.984] [INFO] [plugin/plugin.go:121] begin destroy plugin mq_pulsar
[2022-01-07 16:38:52.984] [INFO] [plugin/plugin.go:121] begin destroy plugin rpc_trpc
[2022-01-07 16:38:54.852] [INFO] [plugin/plugin.go:121] begin destroy plugin log_bingologger
[2022-01-07 16:38:54.852] [INFO] [bingologger/bingologger.go:85] Destory logger only exec sync
[2022-01-07 16:38:54.852] [INFO] [plugin/plugin.go:121] begin destroy plugin transport_tcp
[2022-01-07 16:38:54.852] [INFO] [app/app.go:153] server stateless_svr fini success
